14-Sep-2024 15:11:46.925 INFO [main] org.apache.catalina.startup.VersionLoggerListener.log Имя версии сервера:    Apache Tomcat/9.0.93
14-Sep-2024 15:11:46.928 INFO [main] org.apache.catalina.startup.VersionLoggerListener.log Сервер собран:         Aug 2 2024 21:24:59 UTC
14-Sep-2024 15:11:46.928 INFO [main] org.apache.catalina.startup.VersionLoggerListener.log Номер версии сервера:  9.0.93.0
14-Sep-2024 15:11:46.928 INFO [main] org.apache.catalina.startup.VersionLoggerListener.log OS Name:               Mac OS X
14-Sep-2024 15:11:46.928 INFO [main] org.apache.catalina.startup.VersionLoggerListener.log Версия ОС:             14.5
14-Sep-2024 15:11:46.928 INFO [main] org.apache.catalina.startup.VersionLoggerListener.log Архитектура:           aarch64
14-Sep-2024 15:11:46.928 INFO [main] org.apache.catalina.startup.VersionLoggerListener.log Java Home:             /Library/Java/JavaVirtualMachines/jdk-22.jdk/Contents/Home
14-Sep-2024 15:11:46.928 INFO [main] org.apache.catalina.startup.VersionLoggerListener.log Версия JVM:            22.0.2+9-70
14-Sep-2024 15:11:46.928 INFO [main] org.apache.catalina.startup.VersionLoggerListener.log Производитель JVM:     Oracle Corporation
14-Sep-2024 15:11:46.928 INFO [main] org.apache.catalina.startup.VersionLoggerListener.log CATALINA_BASE:         /Users/andrejpancenko/Documents/5 Семестр у нас будет Java Script/ТРСИС/apache-tomcat-9.0.93
14-Sep-2024 15:11:46.928 INFO [main] org.apache.catalina.startup.VersionLoggerListener.log CATALINA_HOME:         /Users/andrejpancenko/Documents/5 Семестр у нас будет Java Script/ТРСИС/apache-tomcat-9.0.93
14-Sep-2024 15:11:46.968 INFO [main] org.apache.catalina.startup.VersionLoggerListener.log Command line argument: --add-opens=java.base/java.lang=ALL-UNNAMED
14-Sep-2024 15:11:46.968 INFO [main] org.apache.catalina.startup.VersionLoggerListener.log Command line argument: --add-opens=java.base/java.io=ALL-UNNAMED
14-Sep-2024 15:11:46.968 INFO [main] org.apache.catalina.startup.VersionLoggerListener.log Command line argument: --add-opens=java.base/java.util=ALL-UNNAMED
14-Sep-2024 15:11:46.968 INFO [main] org.apache.catalina.startup.VersionLoggerListener.log Command line argument: --add-opens=java.base/java.util.concurrent=ALL-UNNAMED
14-Sep-2024 15:11:46.969 INFO [main] org.apache.catalina.startup.VersionLoggerListener.log Command line argument: --add-opens=java.rmi/sun.rmi.transport=ALL-UNNAMED
14-Sep-2024 15:11:46.969 INFO [main] org.apache.catalina.startup.VersionLoggerListener.log Command line argument: -Djava.util.logging.config.file=/Users/andrejpancenko/Documents/5 Семестр у нас будет Java Script/ТРСИС/apache-tomcat-9.0.93/conf/logging.properties
14-Sep-2024 15:11:46.969 INFO [main] org.apache.catalina.startup.VersionLoggerListener.log Command line argument: -Djava.util.logging.manager=org.apache.juli.ClassLoaderLogManager
14-Sep-2024 15:11:46.969 INFO [main] org.apache.catalina.startup.VersionLoggerListener.log Command line argument: -Djdk.tls.ephemeralDHKeySize=2048
14-Sep-2024 15:11:46.969 INFO [main] org.apache.catalina.startup.VersionLoggerListener.log Command line argument: -Djava.protocol.handler.pkgs=org.apache.catalina.webresources
14-Sep-2024 15:11:46.969 INFO [main] org.apache.catalina.startup.VersionLoggerListener.log Command line argument: -Dorg.apache.catalina.security.SecurityListener.UMASK=0027
14-Sep-2024 15:11:46.969 INFO [main] org.apache.catalina.startup.VersionLoggerListener.log Command line argument: -Dignore.endorsed.dirs=
14-Sep-2024 15:11:46.969 INFO [main] org.apache.catalina.startup.VersionLoggerListener.log Command line argument: -Dcatalina.base=/Users/andrejpancenko/Documents/5 Семестр у нас будет Java Script/ТРСИС/apache-tomcat-9.0.93
14-Sep-2024 15:11:46.969 INFO [main] org.apache.catalina.startup.VersionLoggerListener.log Command line argument: -Dcatalina.home=/Users/andrejpancenko/Documents/5 Семестр у нас будет Java Script/ТРСИС/apache-tomcat-9.0.93
14-Sep-2024 15:11:46.969 INFO [main] org.apache.catalina.startup.VersionLoggerListener.log Command line argument: -Djava.io.tmpdir=/Users/andrejpancenko/Documents/5 Семестр у нас будет Java Script/ТРСИС/apache-tomcat-9.0.93/temp
14-Sep-2024 15:11:46.982 INFO [main] org.apache.catalina.core.AprLifecycleListener.lifecycleEvent The Apache Tomcat Native library which allows using OpenSSL was not found on the java.library.path: [/Users/andrejpancenko/Library/Java/Extensions:/Library/Java/Extensions:/Network/Library/Java/Extensions:/System/Library/Java/Extensions:/usr/lib/java:.]
14-Sep-2024 15:11:47.194 INFO [main] org.apache.coyote.AbstractProtocol.init Инициализация ProtocolHandler ["http-nio-8080"]
14-Sep-2024 15:11:47.234 INFO [main] org.apache.catalina.startup.Catalina.load Server initialization in [450] milliseconds
14-Sep-2024 15:11:47.258 INFO [main] org.apache.catalina.core.StandardService.startInternal Starting service [Catalina]
14-Sep-2024 15:11:47.258 INFO [main] org.apache.catalina.core.StandardEngine.startInternal Starting Servlet engine: [Apache Tomcat/9.0.93]
14-Sep-2024 15:11:47.266 INFO [main] org.apache.catalina.startup.HostConfig.deployWAR Deploying web application archive [/Users/andrejpancenko/Documents/5 Семестр у нас будет Java Script/ТРСИС/apache-tomcat-9.0.93/webapps/swagger-spring-1.0.0.war]
14-Sep-2024 15:11:48.370 INFO [main] org.apache.jasper.servlet.TldScanner.scanJars At least one JAR was scanned for TLDs yet contained no TLDs. Enable debug logging for this logger for a complete list of JARs that were scanned but no TLDs were found in them. Skipping unneeded JARs during scanning can improve startup time and JSP compilation time.
14-Sep-2024 15:11:48.455 INFO [main] org.apache.catalina.startup.HostConfig.deployWAR Deployment of web application archive [/Users/andrejpancenko/Documents/5 Семестр у нас будет Java Script/ТРСИС/apache-tomcat-9.0.93/webapps/swagger-spring-1.0.0.war] has finished in [1 188] ms
14-Sep-2024 15:11:48.456 INFO [main] org.apache.catalina.startup.HostConfig.deployWAR Deploying web application archive [/Users/andrejpancenko/Documents/5 Семестр у нас будет Java Script/ТРСИС/apache-tomcat-9.0.93/webapps/lab_2-1.0-SNAPSHOT.war]
14-Sep-2024 15:11:48.486 INFO [main] org.apache.jasper.servlet.TldScanner.scanJars At least one JAR was scanned for TLDs yet contained no TLDs. Enable debug logging for this logger for a complete list of JARs that were scanned but no TLDs were found in them. Skipping unneeded JARs during scanning can improve startup time and JSP compilation time.
14-Sep-2024 15:11:48.487 INFO [main] org.apache.catalina.startup.HostConfig.deployWAR Deployment of web application archive [/Users/andrejpancenko/Documents/5 Семестр у нас будет Java Script/ТРСИС/apache-tomcat-9.0.93/webapps/lab_2-1.0-SNAPSHOT.war] has finished in [31] ms
14-Sep-2024 15:11:48.487 INFO [main] org.apache.catalina.startup.HostConfig.deployDirectory Установка веб приложения в папку [/Users/andrejpancenko/Documents/5 Семестр у нас будет Java Script/ТРСИС/apache-tomcat-9.0.93/webapps/docs]
14-Sep-2024 15:11:48.510 INFO [main] org.apache.jasper.servlet.TldScanner.scanJars At least one JAR was scanned for TLDs yet contained no TLDs. Enable debug logging for this logger for a complete list of JARs that were scanned but no TLDs were found in them. Skipping unneeded JARs during scanning can improve startup time and JSP compilation time.
14-Sep-2024 15:11:48.511 INFO [main] org.apache.catalina.startup.HostConfig.deployDirectory Deployment of web application directory [/Users/andrejpancenko/Documents/5 Семестр у нас будет Java Script/ТРСИС/apache-tomcat-9.0.93/webapps/docs] has finished in [24] ms
14-Sep-2024 15:11:48.511 INFO [main] org.apache.catalina.startup.HostConfig.deployDirectory Установка веб приложения в папку [/Users/andrejpancenko/Documents/5 Семестр у нас будет Java Script/ТРСИС/apache-tomcat-9.0.93/webapps/manager]
14-Sep-2024 15:11:48.537 INFO [main] org.apache.jasper.servlet.TldScanner.scanJars At least one JAR was scanned for TLDs yet contained no TLDs. Enable debug logging for this logger for a complete list of JARs that were scanned but no TLDs were found in them. Skipping unneeded JARs during scanning can improve startup time and JSP compilation time.
14-Sep-2024 15:11:48.541 INFO [main] org.apache.catalina.startup.HostConfig.deployDirectory Deployment of web application directory [/Users/andrejpancenko/Documents/5 Семестр у нас будет Java Script/ТРСИС/apache-tomcat-9.0.93/webapps/manager] has finished in [30] ms
14-Sep-2024 15:11:48.541 INFO [main] org.apache.catalina.startup.HostConfig.deployDirectory Установка веб приложения в папку [/Users/andrejpancenko/Documents/5 Семестр у нас будет Java Script/ТРСИС/apache-tomcat-9.0.93/webapps/examples]
14-Sep-2024 15:11:48.641 INFO [main] org.apache.jasper.servlet.TldScanner.scanJars At least one JAR was scanned for TLDs yet contained no TLDs. Enable debug logging for this logger for a complete list of JARs that were scanned but no TLDs were found in them. Skipping unneeded JARs during scanning can improve startup time and JSP compilation time.
14-Sep-2024 15:11:48.649 INFO [main] org.apache.catalina.startup.HostConfig.deployDirectory Deployment of web application directory [/Users/andrejpancenko/Documents/5 Семестр у нас будет Java Script/ТРСИС/apache-tomcat-9.0.93/webapps/examples] has finished in [108] ms
14-Sep-2024 15:11:48.649 INFO [main] org.apache.catalina.startup.HostConfig.deployDirectory Установка веб приложения в папку [/Users/andrejpancenko/Documents/5 Семестр у нас будет Java Script/ТРСИС/apache-tomcat-9.0.93/webapps/ROOT]
14-Sep-2024 15:11:48.669 INFO [main] org.apache.jasper.servlet.TldScanner.scanJars At least one JAR was scanned for TLDs yet contained no TLDs. Enable debug logging for this logger for a complete list of JARs that were scanned but no TLDs were found in them. Skipping unneeded JARs during scanning can improve startup time and JSP compilation time.
14-Sep-2024 15:11:48.670 INFO [main] org.apache.catalina.startup.HostConfig.deployDirectory Deployment of web application directory [/Users/andrejpancenko/Documents/5 Семестр у нас будет Java Script/ТРСИС/apache-tomcat-9.0.93/webapps/ROOT] has finished in [21] ms
14-Sep-2024 15:11:48.670 INFO [main] org.apache.catalina.startup.HostConfig.deployDirectory Установка веб приложения в папку [/Users/andrejpancenko/Documents/5 Семестр у нас будет Java Script/ТРСИС/apache-tomcat-9.0.93/webapps/host-manager]
14-Sep-2024 15:11:48.690 INFO [main] org.apache.jasper.servlet.TldScanner.scanJars At least one JAR was scanned for TLDs yet contained no TLDs. Enable debug logging for this logger for a complete list of JARs that were scanned but no TLDs were found in them. Skipping unneeded JARs during scanning can improve startup time and JSP compilation time.
14-Sep-2024 15:11:48.691 INFO [main] org.apache.catalina.startup.HostConfig.deployDirectory Deployment of web application directory [/Users/andrejpancenko/Documents/5 Семестр у нас будет Java Script/ТРСИС/apache-tomcat-9.0.93/webapps/host-manager] has finished in [21] ms
14-Sep-2024 15:11:48.693 INFO [main] org.apache.coyote.AbstractProtocol.start Starting ProtocolHandler ["http-nio-8080"]
14-Sep-2024 15:11:48.700 INFO [main] org.apache.catalina.startup.Catalina.start Server startup in [1465] milliseconds
14-Sep-2024 15:17:38.126 INFO [main] org.apache.catalina.core.StandardServer.await A valid shutdown command was received via the shutdown port. Stopping the Server instance.
14-Sep-2024 15:17:38.127 INFO [main] org.apache.coyote.AbstractProtocol.pause Pausing ProtocolHandler ["http-nio-8080"]
14-Sep-2024 15:17:38.132 INFO [main] org.apache.catalina.core.StandardService.stopInternal Stopping service [Catalina]
14-Sep-2024 15:17:38.171 INFO [main] org.apache.coyote.AbstractProtocol.stop Stopping ProtocolHandler ["http-nio-8080"]
14-Sep-2024 15:17:38.181 INFO [main] org.apache.coyote.AbstractProtocol.destroy Destroying ProtocolHandler ["http-nio-8080"]
14-Sep-2024 15:59:17.838 INFO [main] org.apache.catalina.startup.VersionLoggerListener.log Имя версии сервера:    Apache Tomcat/9.0.93
14-Sep-2024 15:59:17.841 INFO [main] org.apache.catalina.startup.VersionLoggerListener.log Сервер собран:         Aug 2 2024 21:24:59 UTC
14-Sep-2024 15:59:17.841 INFO [main] org.apache.catalina.startup.VersionLoggerListener.log Номер версии сервера:  9.0.93.0
14-Sep-2024 15:59:17.842 INFO [main] org.apache.catalina.startup.VersionLoggerListener.log OS Name:               Mac OS X
14-Sep-2024 15:59:17.842 INFO [main] org.apache.catalina.startup.VersionLoggerListener.log Версия ОС:             14.5
14-Sep-2024 15:59:17.842 INFO [main] org.apache.catalina.startup.VersionLoggerListener.log Архитектура:           aarch64
14-Sep-2024 15:59:17.842 INFO [main] org.apache.catalina.startup.VersionLoggerListener.log Java Home:             /Library/Java/JavaVirtualMachines/jdk-22.jdk/Contents/Home
14-Sep-2024 15:59:17.842 INFO [main] org.apache.catalina.startup.VersionLoggerListener.log Версия JVM:            22.0.2+9-70
14-Sep-2024 15:59:17.842 INFO [main] org.apache.catalina.startup.VersionLoggerListener.log Производитель JVM:     Oracle Corporation
14-Sep-2024 15:59:17.842 INFO [main] org.apache.catalina.startup.VersionLoggerListener.log CATALINA_BASE:         /Users/andrejpancenko/Documents/5 Семестр у нас будет Java Script/ТРСИС/apache-tomcat-9.0.93
14-Sep-2024 15:59:17.842 INFO [main] org.apache.catalina.startup.VersionLoggerListener.log CATALINA_HOME:         /Users/andrejpancenko/Documents/5 Семестр у нас будет Java Script/ТРСИС/apache-tomcat-9.0.93
14-Sep-2024 15:59:17.850 INFO [main] org.apache.catalina.startup.VersionLoggerListener.log Command line argument: --add-opens=java.base/java.lang=ALL-UNNAMED
14-Sep-2024 15:59:17.850 INFO [main] org.apache.catalina.startup.VersionLoggerListener.log Command line argument: --add-opens=java.base/java.io=ALL-UNNAMED
14-Sep-2024 15:59:17.850 INFO [main] org.apache.catalina.startup.VersionLoggerListener.log Command line argument: --add-opens=java.base/java.util=ALL-UNNAMED
14-Sep-2024 15:59:17.850 INFO [main] org.apache.catalina.startup.VersionLoggerListener.log Command line argument: --add-opens=java.base/java.util.concurrent=ALL-UNNAMED
14-Sep-2024 15:59:17.850 INFO [main] org.apache.catalina.startup.VersionLoggerListener.log Command line argument: --add-opens=java.rmi/sun.rmi.transport=ALL-UNNAMED
14-Sep-2024 15:59:17.850 INFO [main] org.apache.catalina.startup.VersionLoggerListener.log Command line argument: -Djava.util.logging.config.file=/Users/andrejpancenko/Documents/5 Семестр у нас будет Java Script/ТРСИС/apache-tomcat-9.0.93/conf/logging.properties
14-Sep-2024 15:59:17.850 INFO [main] org.apache.catalina.startup.VersionLoggerListener.log Command line argument: -Djava.util.logging.manager=org.apache.juli.ClassLoaderLogManager
14-Sep-2024 15:59:17.850 INFO [main] org.apache.catalina.startup.VersionLoggerListener.log Command line argument: -Djdk.tls.ephemeralDHKeySize=2048
14-Sep-2024 15:59:17.850 INFO [main] org.apache.catalina.startup.VersionLoggerListener.log Command line argument: -Djava.protocol.handler.pkgs=org.apache.catalina.webresources
14-Sep-2024 15:59:17.850 INFO [main] org.apache.catalina.startup.VersionLoggerListener.log Command line argument: -Dorg.apache.catalina.security.SecurityListener.UMASK=0027
14-Sep-2024 15:59:17.850 INFO [main] org.apache.catalina.startup.VersionLoggerListener.log Command line argument: -Dignore.endorsed.dirs=
14-Sep-2024 15:59:17.851 INFO [main] org.apache.catalina.startup.VersionLoggerListener.log Command line argument: -Dcatalina.base=/Users/andrejpancenko/Documents/5 Семестр у нас будет Java Script/ТРСИС/apache-tomcat-9.0.93
14-Sep-2024 15:59:17.851 INFO [main] org.apache.catalina.startup.VersionLoggerListener.log Command line argument: -Dcatalina.home=/Users/andrejpancenko/Documents/5 Семестр у нас будет Java Script/ТРСИС/apache-tomcat-9.0.93
14-Sep-2024 15:59:17.851 INFO [main] org.apache.catalina.startup.VersionLoggerListener.log Command line argument: -Djava.io.tmpdir=/Users/andrejpancenko/Documents/5 Семестр у нас будет Java Script/ТРСИС/apache-tomcat-9.0.93/temp
14-Sep-2024 15:59:17.856 INFO [main] org.apache.catalina.core.AprLifecycleListener.lifecycleEvent The Apache Tomcat Native library which allows using OpenSSL was not found on the java.library.path: [/Users/andrejpancenko/Library/Java/Extensions:/Library/Java/Extensions:/Network/Library/Java/Extensions:/System/Library/Java/Extensions:/usr/lib/java:.]
14-Sep-2024 15:59:18.066 INFO [main] org.apache.coyote.AbstractProtocol.init Инициализация ProtocolHandler ["http-nio-8080"]
14-Sep-2024 15:59:18.089 INFO [main] org.apache.catalina.startup.Catalina.load Server initialization in [392] milliseconds
14-Sep-2024 15:59:18.112 INFO [main] org.apache.catalina.core.StandardService.startInternal Starting service [Catalina]
14-Sep-2024 15:59:18.112 INFO [main] org.apache.catalina.core.StandardEngine.startInternal Starting Servlet engine: [Apache Tomcat/9.0.93]
14-Sep-2024 15:59:18.121 INFO [main] org.apache.catalina.startup.HostConfig.deployWAR Deploying web application archive [/Users/andrejpancenko/Documents/5 Семестр у нас будет Java Script/ТРСИС/apache-tomcat-9.0.93/webapps/lab2-0.0.1-SNAPSHOT.war]
14-Sep-2024 15:59:19.198 INFO [main] org.apache.jasper.servlet.TldScanner.scanJars At least one JAR was scanned for TLDs yet contained no TLDs. Enable debug logging for this logger for a complete list of JARs that were scanned but no TLDs were found in them. Skipping unneeded JARs during scanning can improve startup time and JSP compilation time.
14-Sep-2024 15:59:19.257 INFO [main] org.apache.catalina.startup.HostConfig.deployWAR Deployment of web application archive [/Users/andrejpancenko/Documents/5 Семестр у нас будет Java Script/ТРСИС/apache-tomcat-9.0.93/webapps/lab2-0.0.1-SNAPSHOT.war] has finished in [1 135] ms
14-Sep-2024 15:59:19.257 INFO [main] org.apache.catalina.startup.HostConfig.deployDirectory Установка веб приложения в папку [/Users/andrejpancenko/Documents/5 Семестр у нас будет Java Script/ТРСИС/apache-tomcat-9.0.93/webapps/docs]
14-Sep-2024 15:59:19.280 INFO [main] org.apache.jasper.servlet.TldScanner.scanJars At least one JAR was scanned for TLDs yet contained no TLDs. Enable debug logging for this logger for a complete list of JARs that were scanned but no TLDs were found in them. Skipping unneeded JARs during scanning can improve startup time and JSP compilation time.
14-Sep-2024 15:59:19.281 INFO [main] org.apache.catalina.startup.HostConfig.deployDirectory Deployment of web application directory [/Users/andrejpancenko/Documents/5 Семестр у нас будет Java Script/ТРСИС/apache-tomcat-9.0.93/webapps/docs] has finished in [24] ms
14-Sep-2024 15:59:19.281 INFO [main] org.apache.catalina.startup.HostConfig.deployDirectory Установка веб приложения в папку [/Users/andrejpancenko/Documents/5 Семестр у нас будет Java Script/ТРСИС/apache-tomcat-9.0.93/webapps/manager]
14-Sep-2024 15:59:19.306 INFO [main] org.apache.jasper.servlet.TldScanner.scanJars At least one JAR was scanned for TLDs yet contained no TLDs. Enable debug logging for this logger for a complete list of JARs that were scanned but no TLDs were found in them. Skipping unneeded JARs during scanning can improve startup time and JSP compilation time.
14-Sep-2024 15:59:19.310 INFO [main] org.apache.catalina.startup.HostConfig.deployDirectory Deployment of web application directory [/Users/andrejpancenko/Documents/5 Семестр у нас будет Java Script/ТРСИС/apache-tomcat-9.0.93/webapps/manager] has finished in [28] ms
14-Sep-2024 15:59:19.310 INFO [main] org.apache.catalina.startup.HostConfig.deployDirectory Установка веб приложения в папку [/Users/andrejpancenko/Documents/5 Семестр у нас будет Java Script/ТРСИС/apache-tomcat-9.0.93/webapps/examples]
14-Sep-2024 15:59:19.433 INFO [main] org.apache.jasper.servlet.TldScanner.scanJars At least one JAR was scanned for TLDs yet contained no TLDs. Enable debug logging for this logger for a complete list of JARs that were scanned but no TLDs were found in them. Skipping unneeded JARs during scanning can improve startup time and JSP compilation time.
14-Sep-2024 15:59:19.442 INFO [main] org.apache.catalina.startup.HostConfig.deployDirectory Deployment of web application directory [/Users/andrejpancenko/Documents/5 Семестр у нас будет Java Script/ТРСИС/apache-tomcat-9.0.93/webapps/examples] has finished in [132] ms
14-Sep-2024 15:59:19.442 INFO [main] org.apache.catalina.startup.HostConfig.deployDirectory Установка веб приложения в папку [/Users/andrejpancenko/Documents/5 Семестр у нас будет Java Script/ТРСИС/apache-tomcat-9.0.93/webapps/ROOT]
14-Sep-2024 15:59:19.461 INFO [main] org.apache.jasper.servlet.TldScanner.scanJars At least one JAR was scanned for TLDs yet contained no TLDs. Enable debug logging for this logger for a complete list of JARs that were scanned but no TLDs were found in them. Skipping unneeded JARs during scanning can improve startup time and JSP compilation time.
14-Sep-2024 15:59:19.462 INFO [main] org.apache.catalina.startup.HostConfig.deployDirectory Deployment of web application directory [/Users/andrejpancenko/Documents/5 Семестр у нас будет Java Script/ТРСИС/apache-tomcat-9.0.93/webapps/ROOT] has finished in [20] ms
14-Sep-2024 15:59:19.462 INFO [main] org.apache.catalina.startup.HostConfig.deployDirectory Установка веб приложения в папку [/Users/andrejpancenko/Documents/5 Семестр у нас будет Java Script/ТРСИС/apache-tomcat-9.0.93/webapps/host-manager]
14-Sep-2024 15:59:19.485 INFO [main] org.apache.jasper.servlet.TldScanner.scanJars At least one JAR was scanned for TLDs yet contained no TLDs. Enable debug logging for this logger for a complete list of JARs that were scanned but no TLDs were found in them. Skipping unneeded JARs during scanning can improve startup time and JSP compilation time.
14-Sep-2024 15:59:19.486 INFO [main] org.apache.catalina.startup.HostConfig.deployDirectory Deployment of web application directory [/Users/andrejpancenko/Documents/5 Семестр у нас будет Java Script/ТРСИС/apache-tomcat-9.0.93/webapps/host-manager] has finished in [24] ms
14-Sep-2024 15:59:19.488 INFO [main] org.apache.coyote.AbstractProtocol.start Starting ProtocolHandler ["http-nio-8080"]
14-Sep-2024 15:59:19.495 INFO [main] org.apache.catalina.startup.Catalina.start Server startup in [1404] milliseconds
14-Sep-2024 16:16:02.549 INFO [main] org.apache.catalina.core.StandardServer.await A valid shutdown command was received via the shutdown port. Stopping the Server instance.
14-Sep-2024 16:16:02.549 INFO [main] org.apache.coyote.AbstractProtocol.pause Pausing ProtocolHandler ["http-nio-8080"]
14-Sep-2024 16:16:02.552 INFO [main] org.apache.catalina.core.StandardService.stopInternal Stopping service [Catalina]
14-Sep-2024 16:16:02.590 INFO [main] org.apache.coyote.AbstractProtocol.stop Stopping ProtocolHandler ["http-nio-8080"]
14-Sep-2024 16:16:02.603 INFO [main] org.apache.coyote.AbstractProtocol.destroy Destroying ProtocolHandler ["http-nio-8080"]
