12-Sep-2024 19:13:50.693 INFO [main] org.apache.catalina.startup.VersionLoggerListener.log Имя версии сервера:    Apache Tomcat/9.0.93
12-Sep-2024 19:13:50.696 INFO [main] org.apache.catalina.startup.VersionLoggerListener.log Сервер собран:         Aug 2 2024 21:24:59 UTC
12-Sep-2024 19:13:50.696 INFO [main] org.apache.catalina.startup.VersionLoggerListener.log Номер версии сервера:  9.0.93.0
12-Sep-2024 19:13:50.696 INFO [main] org.apache.catalina.startup.VersionLoggerListener.log OS Name:               Mac OS X
12-Sep-2024 19:13:50.696 INFO [main] org.apache.catalina.startup.VersionLoggerListener.log Версия ОС:             14.5
12-Sep-2024 19:13:50.696 INFO [main] org.apache.catalina.startup.VersionLoggerListener.log Архитектура:           aarch64
12-Sep-2024 19:13:50.696 INFO [main] org.apache.catalina.startup.VersionLoggerListener.log Java Home:             /Library/Java/JavaVirtualMachines/jdk-22.jdk/Contents/Home
12-Sep-2024 19:13:50.697 INFO [main] org.apache.catalina.startup.VersionLoggerListener.log Версия JVM:            22.0.2+9-70
12-Sep-2024 19:13:50.697 INFO [main] org.apache.catalina.startup.VersionLoggerListener.log Производитель JVM:     Oracle Corporation
12-Sep-2024 19:13:50.697 INFO [main] org.apache.catalina.startup.VersionLoggerListener.log CATALINA_BASE:         /Users/andrejpancenko/Documents/5 Семестр у нас будет Java Script/ТРСИС/apache-tomcat-9.0.93
12-Sep-2024 19:13:50.697 INFO [main] org.apache.catalina.startup.VersionLoggerListener.log CATALINA_HOME:         /Users/andrejpancenko/Documents/5 Семестр у нас будет Java Script/ТРСИС/apache-tomcat-9.0.93
12-Sep-2024 19:13:50.725 INFO [main] org.apache.catalina.startup.VersionLoggerListener.log Command line argument: --add-opens=java.base/java.lang=ALL-UNNAMED
12-Sep-2024 19:13:50.725 INFO [main] org.apache.catalina.startup.VersionLoggerListener.log Command line argument: --add-opens=java.base/java.io=ALL-UNNAMED
12-Sep-2024 19:13:50.725 INFO [main] org.apache.catalina.startup.VersionLoggerListener.log Command line argument: --add-opens=java.base/java.util=ALL-UNNAMED
12-Sep-2024 19:13:50.725 INFO [main] org.apache.catalina.startup.VersionLoggerListener.log Command line argument: --add-opens=java.base/java.util.concurrent=ALL-UNNAMED
12-Sep-2024 19:13:50.725 INFO [main] org.apache.catalina.startup.VersionLoggerListener.log Command line argument: --add-opens=java.rmi/sun.rmi.transport=ALL-UNNAMED
12-Sep-2024 19:13:50.725 INFO [main] org.apache.catalina.startup.VersionLoggerListener.log Command line argument: -Djava.util.logging.config.file=/Users/andrejpancenko/Documents/5 Семестр у нас будет Java Script/ТРСИС/apache-tomcat-9.0.93/conf/logging.properties
12-Sep-2024 19:13:50.725 INFO [main] org.apache.catalina.startup.VersionLoggerListener.log Command line argument: -Djava.util.logging.manager=org.apache.juli.ClassLoaderLogManager
12-Sep-2024 19:13:50.726 INFO [main] org.apache.catalina.startup.VersionLoggerListener.log Command line argument: -Djdk.tls.ephemeralDHKeySize=2048
12-Sep-2024 19:13:50.726 INFO [main] org.apache.catalina.startup.VersionLoggerListener.log Command line argument: -Djava.protocol.handler.pkgs=org.apache.catalina.webresources
12-Sep-2024 19:13:50.726 INFO [main] org.apache.catalina.startup.VersionLoggerListener.log Command line argument: -Dorg.apache.catalina.security.SecurityListener.UMASK=0027
12-Sep-2024 19:13:50.726 INFO [main] org.apache.catalina.startup.VersionLoggerListener.log Command line argument: -Dignore.endorsed.dirs=
12-Sep-2024 19:13:50.726 INFO [main] org.apache.catalina.startup.VersionLoggerListener.log Command line argument: -Dcatalina.base=/Users/andrejpancenko/Documents/5 Семестр у нас будет Java Script/ТРСИС/apache-tomcat-9.0.93
12-Sep-2024 19:13:50.726 INFO [main] org.apache.catalina.startup.VersionLoggerListener.log Command line argument: -Dcatalina.home=/Users/andrejpancenko/Documents/5 Семестр у нас будет Java Script/ТРСИС/apache-tomcat-9.0.93
12-Sep-2024 19:13:50.726 INFO [main] org.apache.catalina.startup.VersionLoggerListener.log Command line argument: -Djava.io.tmpdir=/Users/andrejpancenko/Documents/5 Семестр у нас будет Java Script/ТРСИС/apache-tomcat-9.0.93/temp
12-Sep-2024 19:13:50.732 INFO [main] org.apache.catalina.core.AprLifecycleListener.lifecycleEvent The Apache Tomcat Native library which allows using OpenSSL was not found on the java.library.path: [/Users/andrejpancenko/Library/Java/Extensions:/Library/Java/Extensions:/Network/Library/Java/Extensions:/System/Library/Java/Extensions:/usr/lib/java:.]
12-Sep-2024 19:13:50.954 INFO [main] org.apache.coyote.AbstractProtocol.init Инициализация ProtocolHandler ["http-nio-8080"]
12-Sep-2024 19:13:50.988 INFO [main] org.apache.catalina.startup.Catalina.load Server initialization in [443] milliseconds
12-Sep-2024 19:13:51.012 INFO [main] org.apache.catalina.core.StandardService.startInternal Starting service [Catalina]
12-Sep-2024 19:13:51.012 INFO [main] org.apache.catalina.core.StandardEngine.startInternal Starting Servlet engine: [Apache Tomcat/9.0.93]
12-Sep-2024 19:13:51.021 INFO [main] org.apache.catalina.startup.HostConfig.deployWAR Deploying web application archive [/Users/andrejpancenko/Documents/5 Семестр у нас будет Java Script/ТРСИС/apache-tomcat-9.0.93/webapps/lab_2-1.0-SNAPSHOT.war]
12-Sep-2024 19:13:51.327 INFO [main] org.apache.jasper.servlet.TldScanner.scanJars At least one JAR was scanned for TLDs yet contained no TLDs. Enable debug logging for this logger for a complete list of JARs that were scanned but no TLDs were found in them. Skipping unneeded JARs during scanning can improve startup time and JSP compilation time.
12-Sep-2024 19:13:51.366 INFO [main] org.apache.catalina.startup.HostConfig.deployWAR Deployment of web application archive [/Users/andrejpancenko/Documents/5 Семестр у нас будет Java Script/ТРСИС/apache-tomcat-9.0.93/webapps/lab_2-1.0-SNAPSHOT.war] has finished in [341] ms
12-Sep-2024 19:13:51.366 INFO [main] org.apache.catalina.startup.HostConfig.deployDirectory Установка веб приложения в папку [/Users/andrejpancenko/Documents/5 Семестр у нас будет Java Script/ТРСИС/apache-tomcat-9.0.93/webapps/docs]
12-Sep-2024 19:13:51.427 INFO [main] org.apache.jasper.servlet.TldScanner.scanJars At least one JAR was scanned for TLDs yet contained no TLDs. Enable debug logging for this logger for a complete list of JARs that were scanned but no TLDs were found in them. Skipping unneeded JARs during scanning can improve startup time and JSP compilation time.
12-Sep-2024 19:13:51.429 INFO [main] org.apache.catalina.startup.HostConfig.deployDirectory Deployment of web application directory [/Users/andrejpancenko/Documents/5 Семестр у нас будет Java Script/ТРСИС/apache-tomcat-9.0.93/webapps/docs] has finished in [63] ms
12-Sep-2024 19:13:51.429 INFO [main] org.apache.catalina.startup.HostConfig.deployDirectory Установка веб приложения в папку [/Users/andrejpancenko/Documents/5 Семестр у нас будет Java Script/ТРСИС/apache-tomcat-9.0.93/webapps/manager]
12-Sep-2024 19:13:51.476 INFO [main] org.apache.jasper.servlet.TldScanner.scanJars At least one JAR was scanned for TLDs yet contained no TLDs. Enable debug logging for this logger for a complete list of JARs that were scanned but no TLDs were found in them. Skipping unneeded JARs during scanning can improve startup time and JSP compilation time.
12-Sep-2024 19:13:51.482 INFO [main] org.apache.catalina.startup.HostConfig.deployDirectory Deployment of web application directory [/Users/andrejpancenko/Documents/5 Семестр у нас будет Java Script/ТРСИС/apache-tomcat-9.0.93/webapps/manager] has finished in [52] ms
12-Sep-2024 19:13:51.482 INFO [main] org.apache.catalina.startup.HostConfig.deployDirectory Установка веб приложения в папку [/Users/andrejpancenko/Documents/5 Семестр у нас будет Java Script/ТРСИС/apache-tomcat-9.0.93/webapps/examples]
12-Sep-2024 19:13:51.627 INFO [main] org.apache.jasper.servlet.TldScanner.scanJars At least one JAR was scanned for TLDs yet contained no TLDs. Enable debug logging for this logger for a complete list of JARs that were scanned but no TLDs were found in them. Skipping unneeded JARs during scanning can improve startup time and JSP compilation time.
12-Sep-2024 19:13:51.639 INFO [main] org.apache.catalina.startup.HostConfig.deployDirectory Deployment of web application directory [/Users/andrejpancenko/Documents/5 Семестр у нас будет Java Script/ТРСИС/apache-tomcat-9.0.93/webapps/examples] has finished in [157] ms
12-Sep-2024 19:13:51.639 INFO [main] org.apache.catalina.startup.HostConfig.deployDirectory Установка веб приложения в папку [/Users/andrejpancenko/Documents/5 Семестр у нас будет Java Script/ТРСИС/apache-tomcat-9.0.93/webapps/ROOT]
12-Sep-2024 19:13:51.661 INFO [main] org.apache.jasper.servlet.TldScanner.scanJars At least one JAR was scanned for TLDs yet contained no TLDs. Enable debug logging for this logger for a complete list of JARs that were scanned but no TLDs were found in them. Skipping unneeded JARs during scanning can improve startup time and JSP compilation time.
12-Sep-2024 19:13:51.662 INFO [main] org.apache.catalina.startup.HostConfig.deployDirectory Deployment of web application directory [/Users/andrejpancenko/Documents/5 Семестр у нас будет Java Script/ТРСИС/apache-tomcat-9.0.93/webapps/ROOT] has finished in [23] ms
12-Sep-2024 19:13:51.662 INFO [main] org.apache.catalina.startup.HostConfig.deployDirectory Установка веб приложения в папку [/Users/andrejpancenko/Documents/5 Семестр у нас будет Java Script/ТРСИС/apache-tomcat-9.0.93/webapps/host-manager]
12-Sep-2024 19:13:51.686 INFO [main] org.apache.jasper.servlet.TldScanner.scanJars At least one JAR was scanned for TLDs yet contained no TLDs. Enable debug logging for this logger for a complete list of JARs that were scanned but no TLDs were found in them. Skipping unneeded JARs during scanning can improve startup time and JSP compilation time.
12-Sep-2024 19:13:51.687 INFO [main] org.apache.catalina.startup.HostConfig.deployDirectory Deployment of web application directory [/Users/andrejpancenko/Documents/5 Семестр у нас будет Java Script/ТРСИС/apache-tomcat-9.0.93/webapps/host-manager] has finished in [25] ms
12-Sep-2024 19:13:51.690 INFO [main] org.apache.coyote.AbstractProtocol.start Starting ProtocolHandler ["http-nio-8080"]
12-Sep-2024 19:13:51.697 INFO [main] org.apache.catalina.startup.Catalina.start Server startup in [708] milliseconds
12-Sep-2024 19:20:25.055 INFO [main] org.apache.catalina.core.StandardServer.await A valid shutdown command was received via the shutdown port. Stopping the Server instance.
12-Sep-2024 19:20:25.057 INFO [main] org.apache.coyote.AbstractProtocol.pause Pausing ProtocolHandler ["http-nio-8080"]
12-Sep-2024 19:20:25.060 INFO [main] org.apache.catalina.core.StandardService.stopInternal Stopping service [Catalina]
12-Sep-2024 19:20:25.079 INFO [main] org.apache.coyote.AbstractProtocol.stop Stopping ProtocolHandler ["http-nio-8080"]
12-Sep-2024 19:20:25.086 INFO [main] org.apache.coyote.AbstractProtocol.destroy Destroying ProtocolHandler ["http-nio-8080"]
